<?xml version="1.0" encoding="UTF-8"?>
<coverage generated="1533625275">
  <project timestamp="1533625275">
    <file name="/srv/slacky/src/Contracts/Http/Interactor.php">
      <metrics loc="33" ncloc="11" classes="0" methods="0" coveredmethods="0" conditionals="0" coveredconditionals="0" statements="0" coveredstatements="0" elements="0" coveredelements="0"/>
    </file>
    <file name="/srv/slacky/src/Contracts/Http/Response.php">
      <metrics loc="27" ncloc="12" classes="0" methods="0" coveredmethods="0" conditionals="0" coveredconditionals="0" statements="0" coveredstatements="0" elements="0" coveredelements="0"/>
    </file>
    <file name="/srv/slacky/src/Contracts/Http/ResponseFactory.php">
      <metrics loc="15" ncloc="7" classes="0" methods="0" coveredmethods="0" conditionals="0" coveredconditionals="0" statements="0" coveredstatements="0" elements="0" coveredelements="0"/>
    </file>
    <package name="Slacky\Core">
      <file name="/srv/slacky/src/Core/Commander.php">
        <class name="Slacky\Core\Commander" namespace="Slacky\Core">
          <metrics complexity="11" methods="4" coveredmethods="2" conditionals="0" coveredconditionals="0" statements="22" coveredstatements="19" elements="26" coveredelements="21"/>
        </class>
        <line num="444" type="method" name="__construct" visibility="public" complexity="1" crap="1" count="2"/>
        <line num="446" type="stmt" count="2"/>
        <line num="447" type="stmt" count="2"/>
        <line num="448" type="stmt" count="2"/>
        <line num="458" type="method" name="execute" visibility="public" complexity="8" crap="8.02" count="2"/>
        <line num="460" type="stmt" count="2"/>
        <line num="461" type="stmt" count="0"/>
        <line num="464" type="stmt" count="2"/>
        <line num="465" type="stmt" count="2"/>
        <line num="466" type="stmt" count="2"/>
        <line num="469" type="stmt" count="2"/>
        <line num="470" type="stmt" count="2"/>
        <line num="471" type="stmt" count="2"/>
        <line num="472" type="stmt" count="2"/>
        <line num="477" type="stmt" count="2"/>
        <line num="478" type="stmt" count="2"/>
        <line num="479" type="stmt" count="1"/>
        <line num="481" type="stmt" count="2"/>
        <line num="483" type="stmt" count="2"/>
        <line num="484" type="stmt" count="1"/>
        <line num="487" type="stmt" count="1"/>
        <line num="495" type="method" name="setToken" visibility="public" complexity="1" crap="2" count="0"/>
        <line num="497" type="stmt" count="0"/>
        <line num="498" type="stmt" count="0"/>
        <line num="506" type="method" name="format" visibility="public" complexity="1" crap="1" count="1"/>
        <line num="508" type="stmt" count="1"/>
        <metrics loc="511" ncloc="463" classes="1" methods="4" coveredmethods="2" conditionals="0" coveredconditionals="0" statements="22" coveredstatements="19" elements="26" coveredelements="21"/>
      </file>
    </package>
    <package name="Slacky\Http">
      <file name="/srv/slacky/src/Http/CurlInteractor.php">
        <class name="Slacky\Http\CurlInteractor" namespace="Slacky\Http">
          <metrics complexity="10" methods="5" coveredmethods="4" conditionals="0" coveredconditionals="0" statements="31" coveredstatements="30" elements="36" coveredelements="34"/>
        </class>
        <line num="20" type="method" name="get" visibility="public" complexity="1" crap="1" count="1"/>
        <line num="22" type="stmt" count="1"/>
        <line num="28" type="method" name="post" visibility="public" complexity="1" crap="1" count="1"/>
        <line num="30" type="stmt" count="1"/>
        <line num="32" type="stmt" count="1"/>
        <line num="33" type="stmt" count="1"/>
        <line num="35" type="stmt" count="1"/>
        <line num="46" type="method" name="prepareRequest" visibility="protected" complexity="3" crap="3" count="2"/>
        <line num="48" type="stmt" count="2"/>
        <line num="50" type="stmt" count="2"/>
        <line num="51" type="stmt" count="1"/>
        <line num="54" type="stmt" count="2"/>
        <line num="55" type="stmt" count="2"/>
        <line num="56" type="stmt" count="2"/>
        <line num="57" type="stmt" count="2"/>
        <line num="58" type="stmt" count="2"/>
        <line num="60" type="stmt" count="2"/>
        <line num="69" type="method" name="executeRequest" visibility="public" complexity="4" crap="4.00" count="2"/>
        <line num="71" type="stmt" count="2"/>
        <line num="72" type="stmt" count="2"/>
        <line num="74" type="stmt" count="2"/>
        <line num="76" type="stmt" count="2"/>
        <line num="77" type="stmt" count="2"/>
        <line num="79" type="stmt" count="2"/>
        <line num="80" type="stmt" count="0"/>
        <line num="82" type="stmt" count="2"/>
        <line num="83" type="stmt" count="2"/>
        <line num="85" type="stmt" count="2"/>
        <line num="86" type="stmt" count="2"/>
        <line num="87" type="stmt" count="2"/>
        <line num="90" type="stmt" count="2"/>
        <line num="91" type="stmt" count="2"/>
        <line num="95" type="stmt" count="2"/>
        <line num="101" type="method" name="setResponseFactory" visibility="public" complexity="1" crap="1" count="2"/>
        <line num="103" type="stmt" count="2"/>
        <line num="104" type="stmt" count="2"/>
        <metrics loc="106" ncloc="78" classes="1" methods="5" coveredmethods="4" conditionals="0" coveredconditionals="0" statements="31" coveredstatements="30" elements="36" coveredelements="34"/>
      </file>
      <file name="/srv/slacky/src/Http/SlackResponse.php">
        <class name="Slacky\Http\SlackResponse" namespace="Slacky\Http" fullPackage="Frlnc" package="Frlnc">
          <metrics complexity="6" methods="6" coveredmethods="5" conditionals="0" coveredconditionals="0" statements="11" coveredstatements="10" elements="17" coveredelements="15"/>
        </class>
        <line num="37" type="method" name="__construct" visibility="public" complexity="1" crap="1" count="3"/>
        <line num="39" type="stmt" count="3"/>
        <line num="40" type="stmt" count="3"/>
        <line num="41" type="stmt" count="3"/>
        <line num="42" type="stmt" count="3"/>
        <line num="47" type="method" name="getBody" visibility="public" complexity="1" crap="1" count="3"/>
        <line num="49" type="stmt" count="3"/>
        <line num="55" type="method" name="getHeaders" visibility="public" complexity="1" crap="1" count="3"/>
        <line num="57" type="stmt" count="3"/>
        <line num="63" type="method" name="getStatusCode" visibility="public" complexity="1" crap="1" count="1"/>
        <line num="65" type="stmt" count="1"/>
        <line num="71" type="method" name="jsonSerialize" visibility="public" complexity="1" crap="2" count="0"/>
        <line num="73" type="stmt" count="0"/>
        <line num="81" type="method" name="toArray" visibility="public" complexity="1" crap="1" count="1"/>
        <line num="84" type="stmt" count="1"/>
        <line num="85" type="stmt" count="1"/>
        <line num="86" type="stmt" count="1"/>
        <metrics loc="90" ncloc="49" classes="1" methods="6" coveredmethods="5" conditionals="0" coveredconditionals="0" statements="11" coveredstatements="10" elements="17" coveredelements="15"/>
      </file>
      <file name="/srv/slacky/src/Http/SlackResponseFactory.php">
        <class name="Slacky\Http\SlackResponseFactory" namespace="Slacky\Http">
          <metrics complexity="1" methods="1" coveredmethods="1" conditionals="0" coveredconditionals="0" statements="1" coveredstatements="1" elements="2" coveredelements="2"/>
        </class>
        <line num="11" type="method" name="build" visibility="public" complexity="1" crap="1" count="2"/>
        <line num="13" type="stmt" count="2"/>
        <metrics loc="16" ncloc="13" classes="1" methods="1" coveredmethods="1" conditionals="0" coveredconditionals="0" statements="1" coveredstatements="1" elements="2" coveredelements="2"/>
      </file>
    </package>
    <metrics files="7" loc="798" ncloc="633" classes="4" methods="16" coveredmethods="12" conditionals="0" coveredconditionals="0" statements="65" coveredstatements="60" elements="81" coveredelements="72"/>
  </project>
</coverage>
